{"/home/gspadilha/Desktop/devFrontend/aprendendo-testar-aplicacoes-javascript/src/lib/calculator.js": {"path":"/home/gspadilha/Desktop/devFrontend/aprendendo-testar-aplicacoes-javascript/src/lib/calculator.js","statementMap":{"0":{"start":{"line":1,"column":0},"end":{"line":9,"column":2}},"1":{"start":{"line":2,"column":12},"end":{"line":2,"column":51}},"2":{"start":{"line":4,"column":2},"end":{"line":6,"column":3}},"3":{"start":{"line":5,"column":4},"end":{"line":5,"column":46}},"4":{"start":{"line":8,"column":2},"end":{"line":8,"column":11}}},"fnMap":{"0":{"name":"(anonymous_0)","decl":{"start":{"line":1,"column":21},"end":{"line":1,"column":22}},"loc":{"start":{"line":1,"column":37},"end":{"line":9,"column":1}},"line":1}},"branchMap":{"0":{"loc":{"start":{"line":4,"column":2},"end":{"line":6,"column":3}},"type":"if","locations":[{"start":{"line":4,"column":2},"end":{"line":6,"column":3}},{"start":{},"end":{}}],"line":4}},"s":{"0":1,"1":7,"2":7,"3":5,"4":2},"f":{"0":7},"b":{"0":[5,2]},"_coverageSchema":"1a1c01bbd47fc00a2c39e90264f33305004495a9","hash":"8b52ac9b31316b485e73414edec9d9cbe420f835"}
,"/home/gspadilha/Desktop/devFrontend/aprendendo-testar-aplicacoes-javascript/src/lib/queryString.js": {"path":"/home/gspadilha/Desktop/devFrontend/aprendendo-testar-aplicacoes-javascript/src/lib/queryString.js","statementMap":{"0":{"start":{"line":1,"column":22},"end":{"line":9,"column":1}},"1":{"start":{"line":2,"column":18},"end":{"line":2,"column":36}},"2":{"start":{"line":4,"column":2},"end":{"line":6,"column":3}},"3":{"start":{"line":5,"column":4},"end":{"line":5,"column":54}},"4":{"start":{"line":8,"column":2},"end":{"line":8,"column":64}},"5":{"start":{"line":11,"column":0},"end":{"line":12,"column":51}},"6":{"start":{"line":12,"column":2},"end":{"line":12,"column":50}},"7":{"start":{"line":14,"column":0},"end":{"line":30,"column":2}},"8":{"start":{"line":15,"column":17},"end":{"line":15,"column":34}},"9":{"start":{"line":17,"column":2},"end":{"line":29,"column":4}},"10":{"start":{"line":19,"column":23},"end":{"line":19,"column":39}},"11":{"start":{"line":21,"column":6},"end":{"line":25,"column":7}},"12":{"start":{"line":22,"column":8},"end":{"line":22,"column":29}},"13":{"start":{"line":24,"column":8},"end":{"line":24,"column":41}},"14":{"start":{"line":27,"column":6},"end":{"line":27,"column":24}}},"fnMap":{"0":{"name":"(anonymous_0)","decl":{"start":{"line":1,"column":22},"end":{"line":1,"column":23}},"loc":{"start":{"line":1,"column":38},"end":{"line":9,"column":1}},"line":1},"1":{"name":"(anonymous_1)","decl":{"start":{"line":11,"column":29},"end":{"line":11,"column":30}},"loc":{"start":{"line":12,"column":2},"end":{"line":12,"column":50}},"line":12},"2":{"name":"(anonymous_2)","decl":{"start":{"line":14,"column":23},"end":{"line":14,"column":24}},"loc":{"start":{"line":14,"column":33},"end":{"line":30,"column":1}},"line":14},"3":{"name":"(anonymous_3)","decl":{"start":{"line":18,"column":15},"end":{"line":18,"column":16}},"loc":{"start":{"line":18,"column":24},"end":{"line":28,"column":5}},"line":18}},"branchMap":{"0":{"loc":{"start":{"line":4,"column":2},"end":{"line":6,"column":3}},"type":"if","locations":[{"start":{"line":4,"column":2},"end":{"line":6,"column":3}},{"start":{},"end":{}}],"line":4},"1":{"loc":{"start":{"line":4,"column":6},"end":{"line":4,"column":41}},"type":"binary-expr","locations":[{"start":{"line":4,"column":6},"end":{"line":4,"column":29}},{"start":{"line":4,"column":33},"end":{"line":4,"column":41}}],"line":4},"2":{"loc":{"start":{"line":8,"column":19},"end":{"line":8,"column":61}},"type":"cond-expr","locations":[{"start":{"line":8,"column":29},"end":{"line":8,"column":32}},{"start":{"line":8,"column":35},"end":{"line":8,"column":61}}],"line":8},"3":{"loc":{"start":{"line":21,"column":6},"end":{"line":25,"column":7}},"type":"if","locations":[{"start":{"line":21,"column":6},"end":{"line":25,"column":7}},{"start":{"line":23,"column":13},"end":{"line":25,"column":7}}],"line":21}},"s":{"0":1,"1":8,"2":8,"3":1,"4":7,"5":1,"6":4,"7":1,"8":2,"9":2,"10":4,"11":4,"12":1,"13":3,"14":4},"f":{"0":8,"1":4,"2":2,"3":4},"b":{"0":[1,7],"1":[8,2],"2":[1,6],"3":[1,3]},"_coverageSchema":"1a1c01bbd47fc00a2c39e90264f33305004495a9","hash":"d9260da14d5a6191feaf4ea93d22a51ce710aba3"}
}
