TN:
SF:src/lib/calculator.js
FN:1,(anonymous_0)
FNF:1
FNH:1
FNDA:7,(anonymous_0)
DA:1,1
DA:2,7
DA:4,7
DA:5,5
DA:8,2
LF:5
LH:5
BRDA:4,0,0,5
BRDA:4,0,1,2
BRF:2
BRH:2
end_of_record
TN:
SF:src/lib/queryString.js
FN:1,(anonymous_0)
FN:11,(anonymous_1)
FN:14,(anonymous_2)
FN:18,(anonymous_3)
FNF:4
FNH:4
FNDA:8,(anonymous_0)
FNDA:4,(anonymous_1)
FNDA:2,(anonymous_2)
FNDA:4,(anonymous_3)
DA:1,1
DA:2,8
DA:4,8
DA:5,1
DA:8,7
DA:11,1
DA:12,4
DA:14,1
DA:15,2
DA:17,2
DA:19,4
DA:21,4
DA:22,1
DA:24,3
DA:27,4
LF:15
LH:15
BRDA:4,0,0,1
BRDA:4,0,1,7
BRDA:4,1,0,8
BRDA:4,1,1,2
BRDA:8,2,0,1
BRDA:8,2,1,6
BRDA:21,3,0,1
BRDA:21,3,1,3
BRF:8
BRH:8
end_of_record
